2023-05-28 00:30:42,826 DEBUG Hippodrome: Создание Hippodrome, лошадей [7]
2023-05-28 00:30:42,830 INFO  Main      : Начало скачек. Количество участников: 7
2023-05-28 00:30:43,844 INFO  Main      : Окончание скачек. Победитель: Пегас
2023-05-28 00:31:33,302 DEBUG Hippodrome: Создание Hippodrome, лошадей [7]
2023-05-28 00:31:33,306 INFO  Main      : Начало скачек. Количество участников: 7
2023-05-28 00:31:34,324 INFO  Main      : Окончание скачек. Победитель: Пожар
2023-05-28 00:31:50,911 DEBUG Hippodrome: Создание Hippodrome, лошадей [7]
2023-05-28 00:31:50,915 INFO  Main      : Начало скачек. Количество участников: 7
2023-05-28 00:31:51,940 INFO  Main      : Окончание скачек. Победитель: Лобстер
2023-05-28 00:38:58,598 DEBUG Hippodrome: Создание Hippodrome, лошадей [7]
2023-05-28 00:38:58,603 INFO  Main      : Начало скачек. Количество участников: 7
2023-05-28 00:38:59,630 INFO  Main      : Окончание скачек. Победитель: Вишня
2023-05-28 00:39:13,746 ERROR Horse     : Speed is negative
2023-05-28 00:39:28,832 DEBUG Hippodrome: Создание Hippodrome, лошадей [7]
2023-05-28 00:39:28,837 INFO  Main      : Начало скачек. Количество участников: 7
2023-05-28 00:39:29,857 INFO  Main      : Окончание скачек. Победитель: Пожар
2023-05-28 00:42:22,319 DEBUG Horse     : Создание Horse, имя [Буцефал], скорость [2.4]
2023-05-28 00:42:22,324 DEBUG Horse     : Создание Horse, имя [Туз Пик], скорость [2.5]
2023-05-28 00:42:22,324 DEBUG Horse     : Создание Horse, имя [Зефир], скорость [2.6]
2023-05-28 00:42:22,324 DEBUG Horse     : Создание Horse, имя [Пожар], скорость [2.7]
2023-05-28 00:42:22,324 DEBUG Horse     : Создание Horse, имя [Лобстер], скорость [2.8]
2023-05-28 00:42:22,324 DEBUG Horse     : Создание Horse, имя [Пегас], скорость [2.9]
2023-05-28 00:42:22,324 DEBUG Horse     : Создание Horse, имя [Вишня], скорость [3.0]
2023-05-28 00:42:22,325 DEBUG Hippodrome: Создание Hippodrome, лошадей [7]
2023-05-28 00:42:22,325 INFO  Main      : Начало скачек. Количество участников: 7
2023-05-28 00:42:23,350 INFO  Main      : Окончание скачек. Победитель: Вишня
2023-05-28 00:43:16,491 DEBUG Horse     : Создание Horse, имя [Буцефал], скорость [2.4]
2023-05-28 00:43:16,495 DEBUG Horse     : Создание Horse, имя [Туз Пик], скорость [2.5]
2023-05-28 00:43:16,495 DEBUG Horse     : Создание Horse, имя [Зефир], скорость [2.6]
2023-05-28 00:43:16,497 DEBUG Horse     : Создание Horse, имя [Пожар], скорость [2.7]
2023-05-28 00:43:16,497 DEBUG Horse     : Создание Horse, имя [Лобстер], скорость [2.8]
2023-05-28 00:43:16,497 DEBUG Horse     : Создание Horse, имя [Пегас], скорость [2.9]
2023-05-28 00:43:16,497 DEBUG Horse     : Создание Horse, имя [Вишня], скорость [3.0]
2023-05-28 00:43:16,498 DEBUG Hippodrome: Создание Hippodrome, лошадей [7]
2023-05-28 00:43:16,498 INFO  Main      : Начало скачек. Количество участников: 7
2023-05-28 00:43:36,815 INFO  Main      : Окончание скачек. Победитель: Пегас
